Build started 10/7/2016 8:16:48 AM.
     1>Project "C:\Users\ackermand\Google Drive\Janelia\ScientificComputing\src\fetch\src\tests\fetchTests\fetchTests.vcxproj" on node 2 (Build target(s)).
     1>Link:
         C:\Program Files (x86)\Microsoft Visual Studio 12.0\VC\bin\link.exe /ERRORREPORT:PROMPT /OUT:"C:\Users\ackermand\Google Drive\Janelia\ScientificComputing\src\fetch\davidBuild\Debug\fetchTests.exe" /INCREMENTAL /NOLOGO /LIBPATH:"C:\Program Files (x86)\Microsoft Visual Studio 12.0\VC\UnitTest\lib" kernel32.lib user32.lib gdi32.lib winspool.lib comdlg32.lib advapi32.lib shell32.lib ole32.lib oleaut32.lib uuid.lib odbc32.lib odbccp32.lib kernel32.lib user32.lib gdi32.lib winspool.lib shell32.lib ole32.lib oleaut32.lib uuid.lib comdlg32.lib advapi32.lib "C:\Users\ackermand\Google Drive\Janelia\ScientificComputing\src\3rdParty\protobuf-2.6.1\vsprojects\x64\Debug\libprotobuf.lib" "C:\Users\ackermand\Google Drive\Janelia\ScientificComputing\src\mylib\Visual Studio 10 Win64\Debug\mylib.lib" "C:\Users\ackermand\Google Drive\Janelia\ScientificComputing\src\mylib\Visual Studio 10 Win64\Debug\mytiff.lib" "C:\Users\ackermand\Google Drive\Janelia\ScientificComputing\src\mylib\Visual Studio 10 Win64\Debug\myfft.lib" glu32.lib opengl32.lib "C:\Users\ackermand\Google Drive\Janelia\ScientificComputing\src\fetch\3rdParty\glew-1.8.0\x64\lib\glew32.lib" "C:\Program Files (x86)\National Instruments\Shared\ExternalCompilerSupport\C\lib64\msvc\NIDAQmx.lib" "C:\Users\ackermand\Google Drive\Janelia\ScientificComputing\src\fetch\3rdParty\AlazarTech\ATS-SDK\6.0.3\Library\x64\AtsApi.lib" "C:\Program Files\NVIDIA GPU Computing Toolkit\CUDA\v7.5\lib\x64\cudart_static.lib" Imm32.lib Ws2_32.lib Winmm.lib C:\Qt\5.5\msvc2013_64\lib\Qt5OpenGLd.lib C:\Qt\5.5\msvc2013_64\lib\Qt5PrintSupportd.lib C:\Qt\5.5\msvc2013_64\lib\Qt5OpenGLExtensionsd.lib C:\Qt\5.5\msvc2013_64\lib\Qt5Networkd.lib C:\Qt\5.5\msvc2013_64\lib\Qt5Widgetsd.lib C:\Qt\5.5\msvc2013_64\lib\Qt5Guid.lib C:\Qt\5.5\msvc2013_64\lib\Qt5Cored.lib /MANIFEST /MANIFESTUAC:"level='asInvoker' uiAccess='false'" /manifest:embed /DEBUG /PDB:"C:\Users\ackermand\Google Drive\Janelia\ScientificComputing\src\fetch\davidBuild\Debug\fetchTests.pdb" /SUBSYSTEM:WINDOWS /TLBID:1 /DYNAMICBASE /NXCOMPAT /IMPLIB:"C:\Users\ackermand\Google Drive\Janelia\ScientificComputing\src\fetch\davidBuild\Debug\fetchTests.lib" /MACHINE:X86 Debug\stdafx.obj
         Debug\unittest1.obj
     1>Qt5Widgetsd.lib(Qt5Widgetsd.dll) : fatal error LNK1112: module machine type 'x64' conflicts with target machine type 'X86'
     1>Done Building Project "C:\Users\ackermand\Google Drive\Janelia\ScientificComputing\src\fetch\src\tests\fetchTests\fetchTests.vcxproj" (Build target(s)) -- FAILED.

Build FAILED.

Time Elapsed 00:00:00.32
